<?xml version="1.0" encoding="UTF-8"?>
<!-- Generated by org.testng.reporters.JUnitXMLReporter -->
<testsuite hostname="Mushishi_XU" ignored="1" name="Test1" tests="1" failures="1" timestamp="21 四月 2019 04:19:51 GMT" time="30.908" errors="0">
  <testcase name="TestLoginEmailError" time="5.841" classname="com.mushishi.Imooc.runcase.LoginCase">
    <failure type="org.openqa.selenium.NoSuchElementException" message="Unable to locate element: #header\-avator
For documentation on this error, please visit: https://www.seleniumhq.org/exceptions/no_such_element.html
Build info: version: &amp;apos;3.141.59&amp;apos;, revision: &amp;apos;e82be7d358&amp;apos;, time: &amp;apos;2018-11-14T08:17:03&amp;apos;
System info: host: &amp;apos;MUSHISHI_XU&amp;apos;, ip: &amp;apos;192.168.31.142&amp;apos;, os.name: &amp;apos;Windows 10&amp;apos;, os.arch: &amp;apos;amd64&amp;apos;, os.version: &amp;apos;10.0&amp;apos;, java.version: &amp;apos;1.8.0_131&amp;apos;
Driver info: org.openqa.selenium.firefox.FirefoxDriver
Capabilities {acceptInsecureCerts: true, browserName: firefox, browserVersion: 66.0.3, javascriptEnabled: true, moz:accessibilityChecks: false, moz:geckodriverVersion: 0.24.0, moz:headless: false, moz:processID: 16916, moz:profile: C:\Users\KYB\AppData\Local\..., moz:shutdownTimeout: 60000, moz:useNonSpecCompliantPointerOrigin: false, moz:webdriverClick: true, pageLoadStrategy: normal, platform: WINDOWS, platformName: WINDOWS, platformVersion: 10.0, rotatable: false, setWindowRect: true, strictFileInteractability: false, timeouts: {implicit: 0, pageLoad: 300000, script: 30000}, unhandledPromptBehavior: dismiss and notify}
Session ID: af099b8e-6e0a-431a-96fb-7c28d7b25a8f
*** Element info: {Using=id, value=header-avator}">
      <![CDATA[org.openqa.selenium.NoSuchElementException: Unable to locate element: #header\-avator
For documentation on this error, please visit: https://www.seleniumhq.org/exceptions/no_such_element.html
Build info: version: '3.141.59', revision: 'e82be7d358', time: '2018-11-14T08:17:03'
System info: host: 'MUSHISHI_XU', ip: '192.168.31.142', os.name: 'Windows 10', os.arch: 'amd64', os.version: '10.0', java.version: '1.8.0_131'
Driver info: org.openqa.selenium.firefox.FirefoxDriver
Capabilities {acceptInsecureCerts: true, browserName: firefox, browserVersion: 66.0.3, javascriptEnabled: true, moz:accessibilityChecks: false, moz:geckodriverVersion: 0.24.0, moz:headless: false, moz:processID: 16916, moz:profile: C:\Users\KYB\AppData\Local\..., moz:shutdownTimeout: 60000, moz:useNonSpecCompliantPointerOrigin: false, moz:webdriverClick: true, pageLoadStrategy: normal, platform: WINDOWS, platformName: WINDOWS, platformVersion: 10.0, rotatable: false, setWindowRect: true, strictFileInteractability: false, timeouts: {implicit: 0, pageLoad: 300000, script: 30000}, unhandledPromptBehavior: dismiss and notify}
Session ID: af099b8e-6e0a-431a-96fb-7c28d7b25a8f
*** Element info: {Using=id, value=header-avator}
at org.openqa.selenium.remote.http.W3CHttpResponseCodec.createException(W3CHttpResponseCodec.java:187)
at org.openqa.selenium.remote.http.W3CHttpResponseCodec.decode(W3CHttpResponseCodec.java:122)
at org.openqa.selenium.remote.http.W3CHttpResponseCodec.decode(W3CHttpResponseCodec.java:49)
at org.openqa.selenium.remote.HttpCommandExecutor.execute(HttpCommandExecutor.java:158)
at org.openqa.selenium.remote.service.DriverCommandExecutor.execute(DriverCommandExecutor.java:83)
at org.openqa.selenium.remote.RemoteWebDriver.execute(RemoteWebDriver.java:552)
at org.openqa.selenium.remote.RemoteWebDriver.findElement(RemoteWebDriver.java:323)
at org.openqa.selenium.remote.RemoteWebDriver.findElementById(RemoteWebDriver.java:372)
at org.openqa.selenium.By$ById.findElement(By.java:188)
at org.openqa.selenium.remote.RemoteWebDriver.findElement(RemoteWebDriver.java:315)
at com.mushishi.Imooc.page.BasePage.GetElement(BasePage.java:21)
at com.mushishi.Imooc.page.LoginPage.GetUsePngElement(LoginPage.java:60)
at com.mushishi.Imooc.handle.LoginHandle.GetUserText(LoginHandle.java:41)
at com.mushishi.Imooc.runcase.LoginCase.TestLoginEmailError(LoginCase.java:84)
... Removed 29 stack frames]]>
    </failure>
  </testcase> <!-- TestLoginEmailError -->
  <testcase name="TestLoginSucess" time="0.0" classname="com.mushishi.Imooc.runcase.LoginCase">
    <ignored/>
  </testcase> <!-- TestLoginSucess -->
</testsuite> <!-- Test1 -->
